  Function.cpp
C:\Users\DUC AN\Documents\GitHub\CS163-Group-4\CS163_Group Project\CS163_Group Project\Function.cpp(187,27): warning C4267: 'initializing': conversion from 'size_t' to 'short', possible loss of data
C:\Users\DUC AN\Documents\GitHub\CS163-Group-4\CS163_Group Project\CS163_Group Project\Function.cpp(191,18): warning C4267: 'initializing': conversion from 'size_t' to 'short', possible loss of data
C:\Users\DUC AN\Documents\GitHub\CS163-Group-4\CS163_Group Project\CS163_Group Project\Function.cpp(476,8): warning C4267: 'initializing': conversion from 'size_t' to 'int', possible loss of data
C:\Users\DUC AN\Documents\GitHub\CS163-Group-4\CS163_Group Project\CS163_Group Project\Function.cpp(730,27): warning C4267: 'initializing': conversion from 'size_t' to 'short', possible loss of data
C:\Users\DUC AN\Documents\GitHub\CS163-Group-4\CS163_Group Project\CS163_Group Project\Function.cpp(734,17): warning C4267: 'initializing': conversion from 'size_t' to 'short', possible loss of data
C:\Users\DUC AN\Documents\GitHub\CS163-Group-4\CS163_Group Project\CS163_Group Project\Function.cpp(896,8): warning C4267: 'initializing': conversion from 'size_t' to 'int', possible loss of data
C:\Users\DUC AN\Documents\GitHub\CS163-Group-4\CS163_Group Project\CS163_Group Project\Function.cpp(1068,27): warning C4267: 'initializing': conversion from 'size_t' to 'short', possible loss of data
C:\Users\DUC AN\Documents\GitHub\CS163-Group-4\CS163_Group Project\CS163_Group Project\Function.cpp(1072,17): warning C4267: 'initializing': conversion from 'size_t' to 'short', possible loss of data
C:\Users\DUC AN\Documents\GitHub\CS163-Group-4\CS163_Group Project\CS163_Group Project\Function.cpp(1193,8): warning C4267: 'initializing': conversion from 'size_t' to 'int', possible loss of data
C:\Users\DUC AN\Documents\GitHub\CS163-Group-4\CS163_Group Project\CS163_Group Project\Function.cpp(1286,8): warning C4267: 'initializing': conversion from 'size_t' to 'int', possible loss of data
C:\Users\DUC AN\Documents\GitHub\CS163-Group-4\CS163_Group Project\CS163_Group Project\Function.cpp(1287,8): warning C4267: 'initializing': conversion from 'size_t' to 'int', possible loss of data
C:\Users\DUC AN\Documents\GitHub\CS163-Group-4\CS163_Group Project\CS163_Group Project\Function.cpp(1434,11): warning C4267: 'initializing': conversion from 'size_t' to 'int', possible loss of data
C:\Users\DUC AN\Documents\GitHub\CS163-Group-4\CS163_Group Project\CS163_Group Project\Function.cpp(1453,11): warning C4267: 'initializing': conversion from 'size_t' to 'int', possible loss of data
  main.cpp
C:\Users\DUC AN\Documents\GitHub\CS163-Group-4\CS163_Group Project\CS163_Group Project\main.cpp(10,10): warning C4067: unexpected tokens following preprocessor directive - expected a newline
  runUI.cpp
C:\Users\DUC AN\Documents\GitHub\CS163-Group-4\CS163_Group Project\CS163_Group Project\runUI.cpp(275,22): warning C4244: 'argument': conversion from 'int' to 'float', possible loss of data
C:\Users\DUC AN\Documents\GitHub\CS163-Group-4\CS163_Group Project\CS163_Group Project\runUI.cpp(275,19): warning C4244: 'argument': conversion from 'int' to 'float', possible loss of data
C:\Users\DUC AN\Documents\GitHub\CS163-Group-4\CS163_Group Project\CS163_Group Project\runUI.cpp(288,22): warning C4244: 'argument': conversion from 'int' to 'float', possible loss of data
C:\Users\DUC AN\Documents\GitHub\CS163-Group-4\CS163_Group Project\CS163_Group Project\runUI.cpp(288,19): warning C4244: 'argument': conversion from 'int' to 'float', possible loss of data
C:\Users\DUC AN\Documents\GitHub\CS163-Group-4\CS163_Group Project\CS163_Group Project\runUI.cpp(977,40): warning C4244: 'argument': conversion from 'int' to 'float', possible loss of data
C:\Users\DUC AN\Documents\GitHub\CS163-Group-4\CS163_Group Project\CS163_Group Project\runUI.cpp(977,28): warning C4244: 'argument': conversion from 'int' to 'float', possible loss of data
C:\Users\DUC AN\Documents\GitHub\CS163-Group-4\CS163_Group Project\CS163_Group Project\runUI.cpp(986,40): warning C4244: 'argument': conversion from 'int' to 'float', possible loss of data
C:\Users\DUC AN\Documents\GitHub\CS163-Group-4\CS163_Group Project\CS163_Group Project\runUI.cpp(986,28): warning C4244: 'argument': conversion from 'int' to 'float', possible loss of data
C:\Users\DUC AN\Documents\GitHub\CS163-Group-4\CS163_Group Project\CS163_Group Project\runUI.cpp(998,40): warning C4244: 'argument': conversion from 'int' to 'float', possible loss of data
C:\Users\DUC AN\Documents\GitHub\CS163-Group-4\CS163_Group Project\CS163_Group Project\runUI.cpp(998,28): warning C4244: 'argument': conversion from 'int' to 'float', possible loss of data
C:\Users\DUC AN\Documents\GitHub\CS163-Group-4\CS163_Group Project\CS163_Group Project\runUI.cpp(1007,40): warning C4244: 'argument': conversion from 'int' to 'float', possible loss of data
C:\Users\DUC AN\Documents\GitHub\CS163-Group-4\CS163_Group Project\CS163_Group Project\runUI.cpp(1007,28): warning C4244: 'argument': conversion from 'int' to 'float', possible loss of data
C:\Users\DUC AN\Documents\GitHub\CS163-Group-4\CS163_Group Project\CS163_Group Project\runUI.cpp(1640,27): warning C4551: function call missing argument list
  UI.cpp
C:\Users\DUC AN\Documents\GitHub\CS163-Group-4\CS163_Group Project\CS163_Group Project\UI.cpp(16,25): warning C4244: 'argument': conversion from 'int' to 'float', possible loss of data
C:\Users\DUC AN\Documents\GitHub\CS163-Group-4\CS163_Group Project\CS163_Group Project\UI.cpp(16,22): warning C4244: 'argument': conversion from 'int' to 'float', possible loss of data
C:\Users\DUC AN\Documents\GitHub\CS163-Group-4\CS163_Group Project\CS163_Group Project\UI.cpp(52,35): warning C4244: 'argument': conversion from 'int' to 'float', possible loss of data
C:\Users\DUC AN\Documents\GitHub\CS163-Group-4\CS163_Group Project\CS163_Group Project\UI.cpp(52,27): warning C4244: 'argument': conversion from 'int' to 'float', possible loss of data
C:\Users\DUC AN\Documents\GitHub\CS163-Group-4\CS163_Group Project\CS163_Group Project\UI.cpp(58,24): warning C4244: 'argument': conversion from 'int' to 'float', possible loss of data
C:\Users\DUC AN\Documents\GitHub\CS163-Group-4\CS163_Group Project\CS163_Group Project\UI.cpp(58,21): warning C4244: 'argument': conversion from 'int' to 'float', possible loss of data
C:\Users\DUC AN\Documents\GitHub\CS163-Group-4\CS163_Group Project\CS163_Group Project\UI.cpp(62,29): warning C4244: 'argument': conversion from 'int' to 'float', possible loss of data
C:\Users\DUC AN\Documents\GitHub\CS163-Group-4\CS163_Group Project\CS163_Group Project\UI.cpp(62,21): warning C4244: 'argument': conversion from 'int' to 'float', possible loss of data
C:\Users\DUC AN\Documents\GitHub\CS163-Group-4\CS163_Group Project\CS163_Group Project\UI.cpp(273,31): warning C4244: 'argument': conversion from 'int' to 'float', possible loss of data
C:\Users\DUC AN\Documents\GitHub\CS163-Group-4\CS163_Group Project\CS163_Group Project\UI.cpp(273,22): warning C4244: 'argument': conversion from 'int' to 'float', possible loss of data
C:\Users\DUC AN\Documents\GitHub\CS163-Group-4\CS163_Group Project\CS163_Group Project\UI.cpp(271,43): warning C4390: ';': empty controlled statement found; is this the intent?
C:\Users\DUC AN\Documents\GitHub\CS163-Group-4\CS163_Group Project\CS163_Group Project\UI.cpp(309,31): warning C4244: 'argument': conversion from 'int' to 'float', possible loss of data
C:\Users\DUC AN\Documents\GitHub\CS163-Group-4\CS163_Group Project\CS163_Group Project\UI.cpp(309,22): warning C4244: 'argument': conversion from 'int' to 'float', possible loss of data
C:\Users\DUC AN\Documents\GitHub\CS163-Group-4\CS163_Group Project\CS163_Group Project\UI.cpp(307,43): warning C4390: ';': empty controlled statement found; is this the intent?
runUI.obj : error LNK2001: unresolved external symbol "public: static class sf::RenderStates const sf::RenderStates::Default" (?Default@RenderStates@sf@@2V12@B)
runUI.obj : error LNK2001: unresolved external symbol "public: static class sf::Color const sf::Color::White" (?White@Color@sf@@2V12@B)
runUI.obj : error LNK2001: unresolved external symbol "public: static class sf::Color const sf::Color::Red" (?Red@Color@sf@@2V12@B)
runUI.obj : error LNK2001: unresolved external symbol "public: static class sf::Color const sf::Color::Black" (?Black@Color@sf@@2V12@B)
C:\Users\DUC AN\Documents\GitHub\CS163-Group-4\CS163_Group Project\x64\Release\CS163_Group Project.exe : fatal error LNK1120: 4 unresolved externals
